2020/02/17 02:41:22 [error] 6#6: *2 directory index of "/usr/share/nginx/html/socialhub.co/" is forbidden, client: 172.17.0.1, server: socialhub.co, request: "GET / HTTP/1.1", host: "socialhub.co"
2020/02/17 02:41:22 [error] 6#6: *2 open() "/usr/share/nginx/html/socialhub.co/favicon.ico" failed (2: No such file or directory), client: 172.17.0.1, server: socialhub.co, request: "GET /favicon.ico HTTP/1.1", host: "socialhub.co"
2020/02/17 02:44:15 [error] 6#6: *1 directory index of "/usr/share/nginx/html/socialhub.co/" is forbidden, client: 172.17.0.1, server: socialhub.co, request: "GET / HTTP/1.1", host: "socialhub.co"
2020/02/17 02:44:17 [error] 6#6: *1 directory index of "/usr/share/nginx/html/socialhub.co/" is forbidden, client: 172.17.0.1, server: socialhub.co, request: "GET / HTTP/1.1", host: "socialhub.co"
2020/02/17 02:44:17 [error] 6#6: *1 directory index of "/usr/share/nginx/html/socialhub.co/" is forbidden, client: 172.17.0.1, server: socialhub.co, request: "GET / HTTP/1.1", host: "socialhub.co"
2020/02/17 02:44:17 [error] 6#6: *1 directory index of "/usr/share/nginx/html/socialhub.co/" is forbidden, client: 172.17.0.1, server: socialhub.co, request: "GET / HTTP/1.1", host: "socialhub.co"
2020/02/17 02:44:19 [error] 6#6: *1 directory index of "/usr/share/nginx/html/socialhub.co/" is forbidden, client: 172.17.0.1, server: socialhub.co, request: "GET / HTTP/1.1", host: "socialhub.co"
2020/02/17 02:45:30 [error] 6#6: *2 directory index of "/usr/share/nginx/html/socialhub.co/" is forbidden, client: 172.17.0.1, server: socialhub.co, request: "GET / HTTP/1.1", host: "socialhub.co"
2020/02/17 02:45:32 [error] 6#6: *2 directory index of "/usr/share/nginx/html/socialhub.co/" is forbidden, client: 172.17.0.1, server: socialhub.co, request: "GET / HTTP/1.1", host: "socialhub.co"
2020/02/17 23:46:38 [error] 6#6: *9 FastCGI sent in stderr: "PHP message: PHP Warning:  require(/usr/share/nginx/html/socialhub.co/public/../vendor/autoload.php): failed to open stream: No such file or directory in /usr/share/nginx/html/socialhub.co/public/index.php on line 24
PHP message: PHP Stack trace:
PHP message: PHP   1. {main}() /usr/share/nginx/html/socialhub.co/public/index.php:0
PHP message: PHP Fatal error:  require(): Failed opening required '/usr/share/nginx/html/socialhub.co/public/../vendor/autoload.php' (include_path='.:/usr/local/lib/php') in /usr/share/nginx/html/socialhub.co/public/index.php on line 24
PHP message: PHP Stack trace:
PHP message: PHP   1. {main}() /usr/share/nginx/html/socialhub.co/public/index.php:0" while reading response header from upstream, client: 172.17.0.1, server: socialhub.co, request: "GET / HTTP/1.1", upstream: "fastcgi://172.17.0.2:9000", host: "socialhub.co"
2020/02/17 23:46:46 [error] 6#6: *9 FastCGI sent in stderr: "PHP message: PHP Warning:  require(/usr/share/nginx/html/socialhub.co/public/../vendor/autoload.php): failed to open stream: No such file or directory in /usr/share/nginx/html/socialhub.co/public/index.php on line 24
PHP message: PHP Stack trace:
PHP message: PHP   1. {main}() /usr/share/nginx/html/socialhub.co/public/index.php:0
PHP message: PHP Fatal error:  require(): Failed opening required '/usr/share/nginx/html/socialhub.co/public/../vendor/autoload.php' (include_path='.:/usr/local/lib/php') in /usr/share/nginx/html/socialhub.co/public/index.php on line 24
PHP message: PHP Stack trace:
PHP message: PHP   1. {main}() /usr/share/nginx/html/socialhub.co/public/index.php:0" while reading response header from upstream, client: 172.17.0.1, server: socialhub.co, request: "GET / HTTP/1.1", upstream: "fastcgi://172.17.0.2:9000", host: "socialhub.co"
2020/02/18 00:11:10 [error] 6#6: *12 FastCGI sent in stderr: "PHP message: PHP Fatal error:  Uncaught ErrorException: file_put_contents(/usr/share/nginx/html/socialhub.co/storage/framework/views/fd3caefc21cf30cf1ae7886b170667e968fa578c.php): failed to open stream: Permission denied in /usr/share/nginx/html/socialhub.co/vendor/laravel/framework/src/Illuminate/Filesystem/Filesystem.php:133
Stack trace:
#0 [internal function]: Illuminate\Foundation\Bootstrap\HandleExceptions->handleError(2, 'file_put_conten...', '/usr/share/ngin...', 133, Array)
#1 /usr/share/nginx/html/socialhub.co/vendor/laravel/framework/src/Illuminate/Filesystem/Filesystem.php(133): file_put_contents('/usr/share/ngin...', '<?php $__env->s...', 0)
#2 /usr/share/nginx/html/socialhub.co/vendor/laravel/framework/src/Illuminate/View/Compilers/BladeCompiler.php(129): Illuminate\Filesystem\Filesystem->put('/usr/share/ngin...', '<?php $__env->s...')
#3 /usr/share/nginx/html/socialhub.co/vendor/laravel/framework/src/Illuminate/View/Engines/CompilerEngine.php(51): Illuminate\View\Compilers\BladeCompiler->com...
PHP message: PHP Fatal error:  Uncaught ErrorException: file_put_contents(/usr/share/nginx/html/socialhub.co/storage/framework/views/fd3caefc21cf30cf1ae7886b170667e968fa578c.php): failed to open stream: Permission denied in /usr/share/nginx/html/socialhub.co/vendor/laravel/framework/src/Illuminate/Filesystem/Filesystem.php:133
Stack trace:
#0 [internal function]: Illuminate\Foundation\Bootstrap\HandleExceptions->handleError(2, 'file_put_conten...', '/usr/share/ngin...', 133, Array)
#1 /usr/share/nginx/html/socialhub.co/vendor/laravel/framework/src/Illuminate/Filesystem/Filesystem.php(133): file_put_contents('/usr/share/ngin...', '<?php $__env->s...', 0)
#2 /usr/share/nginx/html/socialhub.co/vendor/laravel/framework/src/Illuminate/View/Compilers/BladeCompiler.php(129): Illuminate\Filesystem\Filesystem->put('/usr/share/ngin...', '<?php $__env->s...')
#3 /usr/share/nginx/html/socialhub.co/vendor/laravel/framework/src/Illuminate/View/Engines/CompilerE
2020/02/18 00:11:14 [error] 6#6: *12 FastCGI sent in stderr: "PHP message: PHP Fatal error:  Uncaught ErrorException: file_put_contents(/usr/share/nginx/html/socialhub.co/storage/framework/views/fd3caefc21cf30cf1ae7886b170667e968fa578c.php): failed to open stream: Permission denied in /usr/share/nginx/html/socialhub.co/vendor/laravel/framework/src/Illuminate/Filesystem/Filesystem.php:133
Stack trace:
#0 [internal function]: Illuminate\Foundation\Bootstrap\HandleExceptions->handleError(2, 'file_put_conten...', '/usr/share/ngin...', 133, Array)
#1 /usr/share/nginx/html/socialhub.co/vendor/laravel/framework/src/Illuminate/Filesystem/Filesystem.php(133): file_put_contents('/usr/share/ngin...', '<?php $__env->s...', 0)
#2 /usr/share/nginx/html/socialhub.co/vendor/laravel/framework/src/Illuminate/View/Compilers/BladeCompiler.php(129): Illuminate\Filesystem\Filesystem->put('/usr/share/ngin...', '<?php $__env->s...')
#3 /usr/share/nginx/html/socialhub.co/vendor/laravel/framework/src/Illuminate/View/Engines/CompilerEngine.php(51): Illuminate\View\Compilers\BladeCompiler->com...
PHP message: PHP Fatal error:  Uncaught ErrorException: file_put_contents(/usr/share/nginx/html/socialhub.co/storage/framework/views/fd3caefc21cf30cf1ae7886b170667e968fa578c.php): failed to open stream: Permission denied in /usr/share/nginx/html/socialhub.co/vendor/laravel/framework/src/Illuminate/Filesystem/Filesystem.php:133
Stack trace:
#0 [internal function]: Illuminate\Foundation\Bootstrap\HandleExceptions->handleError(2, 'file_put_conten...', '/usr/share/ngin...', 133, Array)
#1 /usr/share/nginx/html/socialhub.co/vendor/laravel/framework/src/Illuminate/Filesystem/Filesystem.php(133): file_put_contents('/usr/share/ngin...', '<?php $__env->s...', 0)
#2 /usr/share/nginx/html/socialhub.co/vendor/laravel/framework/src/Illuminate/View/Compilers/BladeCompiler.php(129): Illuminate\Filesystem\Filesystem->put('/usr/share/ngin...', '<?php $__env->s...')
#3 /usr/share/nginx/html/socialhub.co/vendor/laravel/framework/src/Illuminate/View/Engines/CompilerE
2020/02/18 00:11:15 [error] 6#6: *12 FastCGI sent in stderr: "PHP message: PHP Fatal error:  Uncaught ErrorException: file_put_contents(/usr/share/nginx/html/socialhub.co/storage/framework/views/fd3caefc21cf30cf1ae7886b170667e968fa578c.php): failed to open stream: Permission denied in /usr/share/nginx/html/socialhub.co/vendor/laravel/framework/src/Illuminate/Filesystem/Filesystem.php:133
Stack trace:
#0 [internal function]: Illuminate\Foundation\Bootstrap\HandleExceptions->handleError(2, 'file_put_conten...', '/usr/share/ngin...', 133, Array)
#1 /usr/share/nginx/html/socialhub.co/vendor/laravel/framework/src/Illuminate/Filesystem/Filesystem.php(133): file_put_contents('/usr/share/ngin...', '<?php $__env->s...', 0)
#2 /usr/share/nginx/html/socialhub.co/vendor/laravel/framework/src/Illuminate/View/Compilers/BladeCompiler.php(129): Illuminate\Filesystem\Filesystem->put('/usr/share/ngin...', '<?php $__env->s...')
#3 /usr/share/nginx/html/socialhub.co/vendor/laravel/framework/src/Illuminate/View/Engines/CompilerEngine.php(51): Illuminate\View\Compilers\BladeCompiler->com...
PHP message: PHP Fatal error:  Uncaught ErrorException: file_put_contents(/usr/share/nginx/html/socialhub.co/storage/framework/views/fd3caefc21cf30cf1ae7886b170667e968fa578c.php): failed to open stream: Permission denied in /usr/share/nginx/html/socialhub.co/vendor/laravel/framework/src/Illuminate/Filesystem/Filesystem.php:133
Stack trace:
#0 [internal function]: Illuminate\Foundation\Bootstrap\HandleExceptions->handleError(2, 'file_put_conten...', '/usr/share/ngin...', 133, Array)
#1 /usr/share/nginx/html/socialhub.co/vendor/laravel/framework/src/Illuminate/Filesystem/Filesystem.php(133): file_put_contents('/usr/share/ngin...', '<?php $__env->s...', 0)
#2 /usr/share/nginx/html/socialhub.co/vendor/laravel/framework/src/Illuminate/View/Compilers/BladeCompiler.php(129): Illuminate\Filesystem\Filesystem->put('/usr/share/ngin...', '<?php $__env->s...')
#3 /usr/share/nginx/html/socialhub.co/vendor/laravel/framework/src/Illuminate/View/Engines/CompilerE
2020/02/18 00:25:16 [error] 6#6: *16 FastCGI sent in stderr: "PHP message: PHP Fatal error:  Uncaught ErrorException: file_put_contents(/usr/share/nginx/html/socialhub.co/storage/framework/views/fd3caefc21cf30cf1ae7886b170667e968fa578c.php): failed to open stream: Permission denied in /usr/share/nginx/html/socialhub.co/vendor/laravel/framework/src/Illuminate/Filesystem/Filesystem.php:133
Stack trace:
#0 [internal function]: Illuminate\Foundation\Bootstrap\HandleExceptions->handleError(2, 'file_put_conten...', '/usr/share/ngin...', 133, Array)
#1 /usr/share/nginx/html/socialhub.co/vendor/laravel/framework/src/Illuminate/Filesystem/Filesystem.php(133): file_put_contents('/usr/share/ngin...', '<?php $__env->s...', 0)
#2 /usr/share/nginx/html/socialhub.co/vendor/laravel/framework/src/Illuminate/View/Compilers/BladeCompiler.php(129): Illuminate\Filesystem\Filesystem->put('/usr/share/ngin...', '<?php $__env->s...')
#3 /usr/share/nginx/html/socialhub.co/vendor/laravel/framework/src/Illuminate/View/Engines/CompilerEngine.php(51): Illuminate\View\Compilers\BladeCompiler->com...
PHP message: PHP Fatal error:  Uncaught ErrorException: file_put_contents(/usr/share/nginx/html/socialhub.co/storage/framework/views/fd3caefc21cf30cf1ae7886b170667e968fa578c.php): failed to open stream: Permission denied in /usr/share/nginx/html/socialhub.co/vendor/laravel/framework/src/Illuminate/Filesystem/Filesystem.php:133
Stack trace:
#0 [internal function]: Illuminate\Foundation\Bootstrap\HandleExceptions->handleError(2, 'file_put_conten...', '/usr/share/ngin...', 133, Array)
#1 /usr/share/nginx/html/socialhub.co/vendor/laravel/framework/src/Illuminate/Filesystem/Filesystem.php(133): file_put_contents('/usr/share/ngin...', '<?php $__env->s...', 0)
#2 /usr/share/nginx/html/socialhub.co/vendor/laravel/framework/src/Illuminate/View/Compilers/BladeCompiler.php(129): Illuminate\Filesystem\Filesystem->put('/usr/share/ngin...', '<?php $__env->s...')
#3 /usr/share/nginx/html/socialhub.co/vendor/laravel/framework/src/Illuminate/View/Engines/CompilerE
2020/02/18 00:25:18 [error] 6#6: *16 FastCGI sent in stderr: "PHP message: PHP Fatal error:  Uncaught ErrorException: file_put_contents(/usr/share/nginx/html/socialhub.co/storage/framework/views/fd3caefc21cf30cf1ae7886b170667e968fa578c.php): failed to open stream: Permission denied in /usr/share/nginx/html/socialhub.co/vendor/laravel/framework/src/Illuminate/Filesystem/Filesystem.php:133
Stack trace:
#0 [internal function]: Illuminate\Foundation\Bootstrap\HandleExceptions->handleError(2, 'file_put_conten...', '/usr/share/ngin...', 133, Array)
#1 /usr/share/nginx/html/socialhub.co/vendor/laravel/framework/src/Illuminate/Filesystem/Filesystem.php(133): file_put_contents('/usr/share/ngin...', '<?php $__env->s...', 0)
#2 /usr/share/nginx/html/socialhub.co/vendor/laravel/framework/src/Illuminate/View/Compilers/BladeCompiler.php(129): Illuminate\Filesystem\Filesystem->put('/usr/share/ngin...', '<?php $__env->s...')
#3 /usr/share/nginx/html/socialhub.co/vendor/laravel/framework/src/Illuminate/View/Engines/CompilerEngine.php(51): Illuminate\View\Compilers\BladeCompiler->com...
PHP message: PHP Fatal error:  Uncaught ErrorException: file_put_contents(/usr/share/nginx/html/socialhub.co/storage/framework/views/fd3caefc21cf30cf1ae7886b170667e968fa578c.php): failed to open stream: Permission denied in /usr/share/nginx/html/socialhub.co/vendor/laravel/framework/src/Illuminate/Filesystem/Filesystem.php:133
Stack trace:
#0 [internal function]: Illuminate\Foundation\Bootstrap\HandleExceptions->handleError(2, 'file_put_conten...', '/usr/share/ngin...', 133, Array)
#1 /usr/share/nginx/html/socialhub.co/vendor/laravel/framework/src/Illuminate/Filesystem/Filesystem.php(133): file_put_contents('/usr/share/ngin...', '<?php $__env->s...', 0)
#2 /usr/share/nginx/html/socialhub.co/vendor/laravel/framework/src/Illuminate/View/Compilers/BladeCompiler.php(129): Illuminate\Filesystem\Filesystem->put('/usr/share/ngin...', '<?php $__env->s...')
#3 /usr/share/nginx/html/socialhub.co/vendor/laravel/framework/src/Illuminate/View/Engines/CompilerE
2020/02/18 00:25:19 [error] 6#6: *16 FastCGI sent in stderr: "PHP message: PHP Fatal error:  Uncaught ErrorException: file_put_contents(/usr/share/nginx/html/socialhub.co/storage/framework/views/fd3caefc21cf30cf1ae7886b170667e968fa578c.php): failed to open stream: Permission denied in /usr/share/nginx/html/socialhub.co/vendor/laravel/framework/src/Illuminate/Filesystem/Filesystem.php:133
Stack trace:
#0 [internal function]: Illuminate\Foundation\Bootstrap\HandleExceptions->handleError(2, 'file_put_conten...', '/usr/share/ngin...', 133, Array)
#1 /usr/share/nginx/html/socialhub.co/vendor/laravel/framework/src/Illuminate/Filesystem/Filesystem.php(133): file_put_contents('/usr/share/ngin...', '<?php $__env->s...', 0)
#2 /usr/share/nginx/html/socialhub.co/vendor/laravel/framework/src/Illuminate/View/Compilers/BladeCompiler.php(129): Illuminate\Filesystem\Filesystem->put('/usr/share/ngin...', '<?php $__env->s...')
#3 /usr/share/nginx/html/socialhub.co/vendor/laravel/framework/src/Illuminate/View/Engines/CompilerEngine.php(51): Illuminate\View\Compilers\BladeCompiler->com...
PHP message: PHP Fatal error:  Uncaught ErrorException: file_put_contents(/usr/share/nginx/html/socialhub.co/storage/framework/views/fd3caefc21cf30cf1ae7886b170667e968fa578c.php): failed to open stream: Permission denied in /usr/share/nginx/html/socialhub.co/vendor/laravel/framework/src/Illuminate/Filesystem/Filesystem.php:133
Stack trace:
#0 [internal function]: Illuminate\Foundation\Bootstrap\HandleExceptions->handleError(2, 'file_put_conten...', '/usr/share/ngin...', 133, Array)
#1 /usr/share/nginx/html/socialhub.co/vendor/laravel/framework/src/Illuminate/Filesystem/Filesystem.php(133): file_put_contents('/usr/share/ngin...', '<?php $__env->s...', 0)
#2 /usr/share/nginx/html/socialhub.co/vendor/laravel/framework/src/Illuminate/View/Compilers/BladeCompiler.php(129): Illuminate\Filesystem\Filesystem->put('/usr/share/ngin...', '<?php $__env->s...')
#3 /usr/share/nginx/html/socialhub.co/vendor/laravel/framework/src/Illuminate/View/Engines/CompilerE
2020/02/18 00:57:06 [error] 6#6: *1 FastCGI sent in stderr: "PHP message: PHP Fatal error:  Uncaught ErrorException: file_put_contents(/usr/share/nginx/html/socialhub.co/storage/framework/views/fd3caefc21cf30cf1ae7886b170667e968fa578c.php): failed to open stream: Permission denied in /usr/share/nginx/html/socialhub.co/vendor/laravel/framework/src/Illuminate/Filesystem/Filesystem.php:133
Stack trace:
#0 [internal function]: Illuminate\Foundation\Bootstrap\HandleExceptions->handleError(2, 'file_put_conten...', '/usr/share/ngin...', 133, Array)
#1 /usr/share/nginx/html/socialhub.co/vendor/laravel/framework/src/Illuminate/Filesystem/Filesystem.php(133): file_put_contents('/usr/share/ngin...', '<?php $__env->s...', 0)
#2 /usr/share/nginx/html/socialhub.co/vendor/laravel/framework/src/Illuminate/View/Compilers/BladeCompiler.php(129): Illuminate\Filesystem\Filesystem->put('/usr/share/ngin...', '<?php $__env->s...')
#3 /usr/share/nginx/html/socialhub.co/vendor/laravel/framework/src/Illuminate/View/Engines/CompilerEngine.php(51): Illuminate\View\Compilers\BladeCompiler->com...
PHP message: PHP Fatal error:  Uncaught ErrorException: file_put_contents(/usr/share/nginx/html/socialhub.co/storage/framework/views/fd3caefc21cf30cf1ae7886b170667e968fa578c.php): failed to open stream: Permission denied in /usr/share/nginx/html/socialhub.co/vendor/laravel/framework/src/Illuminate/Filesystem/Filesystem.php:133
Stack trace:
#0 [internal function]: Illuminate\Foundation\Bootstrap\HandleExceptions->handleError(2, 'file_put_conten...', '/usr/share/ngin...', 133, Array)
#1 /usr/share/nginx/html/socialhub.co/vendor/laravel/framework/src/Illuminate/Filesystem/Filesystem.php(133): file_put_contents('/usr/share/ngin...', '<?php $__env->s...', 0)
#2 /usr/share/nginx/html/socialhub.co/vendor/laravel/framework/src/Illuminate/View/Compilers/BladeCompiler.php(129): Illuminate\Filesystem\Filesystem->put('/usr/share/ngin...', '<?php $__env->s...')
#3 /usr/share/nginx/html/socialhub.co/vendor/laravel/framework/src/Illuminate/View/Engines/CompilerEn
